#
# A fatal error has been detected by the Java Runtime Environment:
#
#  SIGSEGV (0xb) at pc=0x00007fa4441007f5, pid=7024, tid=140343500826368
#
# JRE version: OpenJDK Runtime Environment (7.0_51) (build 1.7.0_51-b00)
# Java VM: OpenJDK 64-Bit Server VM (24.45-b08 mixed mode linux-amd64 compressed oops)
# Problematic frame:
# C  [libc.so.6+0x9b7f5]  envz_strip+0x3d85
#
# Failed to write core dump. Core dumps have been disabled. To enable core dumping, try "ulimit -c unlimited" before starting Java again
#
# If you would like to submit a bug report, please include
# instructions on how to reproduce the bug and visit:
#   http://icedtea.classpath.org/bugzilla
# The crash happened outside the Java Virtual Machine in native code.
# See problematic frame for where to report the bug.
#

---------------  T H R E A D  ---------------

Current thread (0x00007fa43c00a000):  JavaThread "main" [_thread_in_native, id=7028, stack(0x00007fa444736000,0x00007fa444837000)]

siginfo:si_signo=SIGSEGV: si_errno=0, si_code=2 (SEGV_ACCERR), si_addr=0x00007fa43527ec86

Registers:
RAX=0x00007fa43527ec74, RBX=0x00000000b9594ca8, RCX=0x00000000494e4f4b, RDX=0x0000000000434549
RSP=0x00007fa4448357f8, RBP=0x00007fa444835820, RSI=0x00007fa43527ec97, RDI=0x00007fa43527ec86
R8 =0x00007fa43527ec51, R9 =0x00007fa43527ec74, R10=0x00000000fffffff0, R11=0x00007fa4441e3cf4
R12=0x0000000000000000, R13=0x00000000b9594ca8, R14=0x00007fa4448358c0, R15=0x00007fa43c00a000
RIP=0x00007fa4441007f5, EFLAGS=0x0000000000010206, CSGSFS=0x0000000000000033, ERR=0x0000000000000007
  TRAPNO=0x000000000000000e

Top of Stack: (sp=0x00007fa4448357f8)
0x00007fa4448357f8:   00007fa43527ec1e 00007fa43527ec74
0x00007fa444835808:   00007fa43527ec74 00000000026a00cd
0x00007fa444835818:   00007fa43527ec97 00007fa444835850
0x00007fa444835828:   00007fa43527eba2 00007fa4448358b8
0x00007fa444835838:   00007fa43c00a1d8 00007fa4448358a8
0x00007fa444835848:   00007fa43527ec74 00007fa4448358a8
0x00007fa444835858:   00007fa439012cd8 00000000fffffffe
0x00007fa444835868:   00007fa444835868 00000000b9594ca8
0x00007fa444835878:   00007fa4448358c0 00000000b95951c8
0x00007fa444835888:   0000000000000000 00000000b9594ca8
0x00007fa444835898:   0000000000000000 00007fa4448358c8
0x00007fa4448358a8:   00007fa444835908 00007fa439006058
0x00007fa4448358b8:   00000000eca74498 00007fa43900ecd8
0x00007fa4448358c8:   00007fa4448358c8 00000000b949e212
0x00007fa4448358d8:   00007fa444835940 00000000b94be5f8
0x00007fa4448358e8:   0000000000000000 00000000b949e290
0x00007fa4448358f8:   00007fa4448358c8 00007fa444835928
0x00007fa444835908:   00007fa444835990 00007fa439006058
0x00007fa444835918:   00000000eca72030 00000000eca6f328
0x00007fa444835928:   0000000000000000 000000000000007b
0x00007fa444835938:   00000000ebd06f20 00000000ebd78038
0x00007fa444835948:   00000000ebd78038 00007fa444835950
0x00007fa444835958:   00000000b949be09 00007fa4448359a8
0x00007fa444835968:   00000000b949c0d0 0000000000000000
0x00007fa444835978:   00000000b949be30 00007fa444835928
0x00007fa444835988:   00007fa4448359a8 00007fa444835a10
0x00007fa444835998:   00007fa4390004e7 0000000000000000
0x00007fa4448359a8:   00000000ebd65948 00007fa400001fa0
0x00007fa4448359b8:   0000000000000000 00007fa444835c70
0x00007fa4448359c8:   00007fa444835ba0 00007fa43c00a000
0x00007fa4448359d8:   00007fa43c00ae80 00007fa444835a80
0x00007fa4448359e8:   00007fa444835c78 00007fa40000000a 

Instructions: (pc=0x00007fa4441007f5)
0x00007fa4441007d5:   89 0f c3 0f 1f 84 00 00 00 00 00 8b 0e 66 8b 56
0x00007fa4441007e5:   04 89 0f 66 89 57 04 c3 0f 1f 00 8b 0e 8b 56 03
0x00007fa4441007f5:   89 0f 89 57 03 c3 0f 1f 44 00 00 48 8b 16 48 89
0x00007fa444100805:   17 c3 66 0f 1f 84 00 00 00 00 00 48 8b 0e 88 77 

Register to memory mapping:

RAX=0x00007fa43527ec74: <offset 0xc74> in /home/jano/NetBeansProjects/JNI_C/dist/Debug/GNU-Linux-x86/libJNI_C.so at 0x00007fa43527e000
RBX=0x00000000b9594ca8 is an oop
{method} 
 - klass: {other class}
RCX=0x00000000494e4f4b is an unknown value
RDX=0x0000000000434549 is an unknown value
RSP=0x00007fa4448357f8 is pointing into the stack for thread: 0x00007fa43c00a000
RBP=0x00007fa444835820 is pointing into the stack for thread: 0x00007fa43c00a000
RSI=0x00007fa43527ec97: <offset 0xc97> in /home/jano/NetBeansProjects/JNI_C/dist/Debug/GNU-Linux-x86/libJNI_C.so at 0x00007fa43527e000
RDI=0x00007fa43527ec86: <offset 0xc86> in /home/jano/NetBeansProjects/JNI_C/dist/Debug/GNU-Linux-x86/libJNI_C.so at 0x00007fa43527e000
R8 =0x00007fa43527ec51: <offset 0xc51> in /home/jano/NetBeansProjects/JNI_C/dist/Debug/GNU-Linux-x86/libJNI_C.so at 0x00007fa43527e000
R9 =0x00007fa43527ec74: <offset 0xc74> in /home/jano/NetBeansProjects/JNI_C/dist/Debug/GNU-Linux-x86/libJNI_C.so at 0x00007fa43527e000
R10=0x00000000fffffff0 is an unallocated location in the heap
R11=0x00007fa4441e3cf4: <offset 0x17ecf4> in /lib/x86_64-linux-gnu/libc.so.6 at 0x00007fa444065000
R12=0x0000000000000000 is an unknown value
R13=0x00000000b9594ca8 is an oop
{method} 
 - klass: {other class}
R14=0x00007fa4448358c0 is pointing into the stack for thread: 0x00007fa43c00a000
R15=0x00007fa43c00a000 is a thread


Stack: [0x00007fa444736000,0x00007fa444837000],  sp=0x00007fa4448357f8,  free space=1021k
Native frames: (J=compiled Java code, j=interpreted, Vv=VM code, C=native code)
C  [libc.so.6+0x9b7f5]  envz_strip+0x3d85
C  [libJNI_C.so+0xba2]  Java_jni_JNI_init+0x68
j  jni.JNI.init()V+0
j  mobilsignclient.MobilSignClient.<init>(Ljava/lang/String;ILjavax/swing/JTextArea;)V+130
j  mobilsignclient.Test.main([Ljava/lang/String;)V+9
v  ~StubRoutines::call_stub
V  [libjvm.so+0x5ba11c]  JavaCalls::call_helper(JavaValue*, methodHandle*, JavaCallArguments*, Thread*)+0x31c
V  [libjvm.so+0x5b9bd5]  JavaCalls::call(JavaValue*, methodHandle, JavaCallArguments*, Thread*)+0x25
V  [libjvm.so+0x5c521f]  jni_invoke_static(JNIEnv_*, JavaValue*, _jobject*, JNICallType, _jmethodID*, JNI_ArgumentPusher*, Thread*) [clone .isra.124] [clone .constprop.154]+0x13f
V  [libjvm.so+0x5cf1b3]  jni_CallStaticVoidMethod+0x123
C  [libjli.so+0x31f1]  __strcat_chk+0x31f1

Java frames: (J=compiled Java code, j=interpreted, Vv=VM code)
j  jni.JNI.init()V+0
j  mobilsignclient.MobilSignClient.<init>(Ljava/lang/String;ILjavax/swing/JTextArea;)V+130
j  mobilsignclient.Test.main([Ljava/lang/String;)V+9
v  ~StubRoutines::call_stub

---------------  P R O C E S S  ---------------

Java Threads: ( => current thread )
  0x00007fa43c0a7000 JavaThread "Service Thread" daemon [_thread_blocked, id=7039, stack(0x00007fa435582000,0x00007fa435683000)]
  0x00007fa43c0a5000 JavaThread "C2 CompilerThread1" daemon [_thread_blocked, id=7038, stack(0x00007fa435683000,0x00007fa435784000)]
  0x00007fa43c0a2000 JavaThread "C2 CompilerThread0" daemon [_thread_in_native, id=7037, stack(0x00007fa435784000,0x00007fa435885000)]
  0x00007fa43c09f800 JavaThread "Signal Dispatcher" daemon [_thread_blocked, id=7036, stack(0x00007fa435885000,0x00007fa435986000)]
  0x00007fa43c07c000 JavaThread "Finalizer" daemon [_thread_blocked, id=7035, stack(0x00007fa436084000,0x00007fa436185000)]
  0x00007fa43c07a000 JavaThread "Reference Handler" daemon [_thread_blocked, id=7034, stack(0x00007fa436185000,0x00007fa436286000)]
=>0x00007fa43c00a000 JavaThread "main" [_thread_in_native, id=7028, stack(0x00007fa444736000,0x00007fa444837000)]

Other Threads:
  0x00007fa43c075800 VMThread [stack: 0x00007fa436286000,0x00007fa436387000] [id=7033]
  0x00007fa43c0b1800 WatcherThread [stack: 0x00007fa435481000,0x00007fa435582000] [id=7040]

VM state:not at safepoint (normal execution)

VM Mutex/Monitor currently owned by a thread: None

Heap
 PSYoungGen      total 18432K, used 14034K [0x00000000ebd00000, 0x00000000ed180000, 0x0000000100000000)
  eden space 15872K, 88% used [0x00000000ebd00000,0x00000000ecab4ba0,0x00000000ecc80000)
  from space 2560K, 0% used [0x00000000ecf00000,0x00000000ecf00000,0x00000000ed180000)
  to   space 2560K, 0% used [0x00000000ecc80000,0x00000000ecc80000,0x00000000ecf00000)
 ParOldGen       total 40960K, used 0K [0x00000000c3800000, 0x00000000c6000000, 0x00000000ebd00000)
  object space 40960K, 0% used [0x00000000c3800000,0x00000000c3800000,0x00000000c6000000)
 PSPermGen       total 21504K, used 3668K [0x00000000b9200000, 0x00000000ba700000, 0x00000000c3800000)
  object space 21504K, 17% used [0x00000000b9200000,0x00000000b9595208,0x00000000ba700000)

Card table byte_map: [0x00007fa44119e000,0x00007fa4413d6000] byte_map_base: 0x00007fa440bd5000

Polling page: 0x00007fa44485b000

Code Cache  [0x00007fa439000000, 0x00007fa439270000, 0x00007fa43c000000)
 total_blobs=245 nmethods=53 adapters=146 free_code_cache=48655Kb largest_free_block=49798784

Compilation events (10 events):
Event: 1,275 Thread 0x00007fa43c0a5000 nmethod 48 0x00007fa439061810 code [0x00007fa439061960, 0x00007fa439061b78]
Event: 1,275 Thread 0x00007fa43c0a5000   49             java.math.MutableBigInteger::add (346 bytes)
Event: 1,301 Thread 0x00007fa43c0a2000 nmethod 47 0x00007fa43907d290 code [0x00007fa43907d400, 0x00007fa43907dce8]
Event: 1,316 Thread 0x00007fa43c0a2000   50             java.lang.CharacterData::of (120 bytes)
Event: 1,317 Thread 0x00007fa43c0a2000 nmethod 50 0x00007fa43907ced0 code [0x00007fa43907d020, 0x00007fa43907d0f8]
Event: 1,317 Thread 0x00007fa43c0a2000   51             java.lang.CharacterDataLatin1::getProperties (11 bytes)
Event: 1,318 Thread 0x00007fa43c0a2000 nmethod 51 0x00007fa439073550 code [0x00007fa439073680, 0x00007fa4390736f8]
Event: 1,318 Thread 0x00007fa43c0a5000 nmethod 49 0x00007fa439073d50 code [0x00007fa439073ec0, 0x00007fa439074918]
Event: 1,320 Thread 0x00007fa43c0a2000   52             java.lang.String::toLowerCase (472 bytes)
Event: 1,328 Thread 0x00007fa43c0a5000   53             java.lang.Character::toLowerCase (9 bytes)

GC Heap History (0 events):
No events

Deoptimization events (1 events):
Event: 0,300 Thread 0x00007fa43c00a000 Uncommon trap: reason=unreached action=reinterpret pc=0x00007fa4390697a8 method=java.math.BigInteger.squareToLen([II[I)[I @ 5

Internal exceptions (10 events):
Event: 0,141 Thread 0x00007fa43c00a000 Threw 0x00000000ebd6de40 at /build/buildd/openjdk-7-7u51-2.4.4/build/openjdk/hotspot/src/share/vm/prims/jvm.cpp:1244
Event: 0,143 Thread 0x00007fa43c00a000 Threw 0x00000000ebd714a8 at /build/buildd/openjdk-7-7u51-2.4.4/build/openjdk/hotspot/src/share/vm/prims/jvm.cpp:1244
Event: 0,300 Thread 0x00007fa43c00a000 Implicit null exception at 0x00007fa439068e58 to 0x00007fa439069799
Event: 1,297 Thread 0x00007fa43c00a000 Threw 0x00000000eca15700 at /build/buildd/openjdk-7-7u51-2.4.4/build/openjdk/hotspot/src/share/vm/prims/jvm.cpp:1244
Event: 1,301 Thread 0x00007fa43c00a000 Threw 0x00000000eca1e2f8 at /build/buildd/openjdk-7-7u51-2.4.4/build/openjdk/hotspot/src/share/vm/prims/jvm.cpp:1244
Event: 1,302 Thread 0x00007fa43c00a000 Threw 0x00000000eca1f590 at /build/buildd/openjdk-7-7u51-2.4.4/build/openjdk/hotspot/src/share/vm/prims/jvm.cpp:1244
Event: 1,327 Thread 0x00007fa43c00a000 Threw 0x00000000eca685b8 at /build/buildd/openjdk-7-7u51-2.4.4/build/openjdk/hotspot/src/share/vm/prims/jvm.cpp:1244
Event: 1,329 Thread 0x00007fa43c00a000 Threw 0x00000000eca6d278 at /build/buildd/openjdk-7-7u51-2.4.4/build/openjdk/hotspot/src/share/vm/prims/jvm.cpp:1244
Event: 1,330 Thread 0x00007fa43c00a000 Threw 0x00000000eca700d8 at /build/buildd/openjdk-7-7u51-2.4.4/build/openjdk/hotspot/src/share/vm/prims/jvm.cpp:1244
Event: 1,331 Thread 0x00007fa43c00a000 Threw 0x00000000eca72f20 at /build/buildd/openjdk-7-7u51-2.4.4/build/openjdk/hotspot/src/share/vm/prims/jvm.cpp:1244

Events (10 events):
Event: 1,327 loading class 0x00007fa43c1070f0
Event: 1,327 loading class 0x00007fa43c1070f0 done
Event: 1,328 loading class 0x00007fa440989e10
Event: 1,328 loading class 0x00007fa440989e10 done
Event: 1,329 loading class 0x00007fa43c107040
Event: 1,329 loading class 0x00007fa43c107040 done
Event: 1,329 loading class 0x00007fa43c107080
Event: 1,329 loading class 0x00007fa43c107080 done
Event: 1,331 loading class 0x00007fa43c107240
Event: 1,331 loading class 0x00007fa43c107240 done


Dynamic libraries:
00400000-00401000 r-xp 00000000 08:05 9702267                            /usr/lib/jvm/java-7-openjdk-amd64/jre/bin/java
00600000-00601000 r--p 00000000 08:05 9702267                            /usr/lib/jvm/java-7-openjdk-amd64/jre/bin/java
00601000-00602000 rw-p 00001000 08:05 9702267                            /usr/lib/jvm/java-7-openjdk-amd64/jre/bin/java
02105000-02126000 rw-p 00000000 00:00 0                                  [heap]
b9200000-ba700000 rw-p 00000000 00:00 0 
ba700000-c3800000 rw-p 00000000 00:00 0 
c3800000-c6000000 rw-p 00000000 00:00 0 
c6000000-ebd00000 rw-p 00000000 00:00 0 
ebd00000-ed180000 rw-p 00000000 00:00 0 
ed180000-100000000 rw-p 00000000 00:00 0 
7fa400000000-7fa400021000 rw-p 00000000 00:00 0 
7fa400021000-7fa404000000 ---p 00000000 00:00 0 
7fa408000000-7fa4082bf000 rw-p 00000000 00:00 0 
7fa4082bf000-7fa40c000000 ---p 00000000 00:00 0 
7fa40c000000-7fa40c021000 rw-p 00000000 00:00 0 
7fa40c021000-7fa410000000 ---p 00000000 00:00 0 
7fa410000000-7fa410021000 rw-p 00000000 00:00 0 
7fa410021000-7fa414000000 ---p 00000000 00:00 0 
7fa414000000-7fa414470000 rw-p 00000000 00:00 0 
7fa414470000-7fa418000000 ---p 00000000 00:00 0 
7fa418000000-7fa418021000 rw-p 00000000 00:00 0 
7fa418021000-7fa41c000000 ---p 00000000 00:00 0 
7fa41c000000-7fa41c021000 rw-p 00000000 00:00 0 
7fa41c021000-7fa420000000 ---p 00000000 00:00 0 
7fa420000000-7fa420021000 rw-p 00000000 00:00 0 
7fa420021000-7fa424000000 ---p 00000000 00:00 0 
7fa424000000-7fa424021000 rw-p 00000000 00:00 0 
7fa424021000-7fa428000000 ---p 00000000 00:00 0 
7fa428000000-7fa428021000 rw-p 00000000 00:00 0 
7fa428021000-7fa42c000000 ---p 00000000 00:00 0 
7fa42c000000-7fa42c021000 rw-p 00000000 00:00 0 
7fa42c021000-7fa430000000 ---p 00000000 00:00 0 
7fa430000000-7fa430021000 rw-p 00000000 00:00 0 
7fa430021000-7fa434000000 ---p 00000000 00:00 0 
7fa435030000-7fa43527e000 rw-p 00000000 00:00 0 
7fa43527e000-7fa43527f000 r-xp 00000000 08:05 5380091                    /home/jano/NetBeansProjects/JNI_C/dist/Debug/GNU-Linux-x86/libJNI_C.so
7fa43527f000-7fa43547f000 ---p 00001000 08:05 5380091                    /home/jano/NetBeansProjects/JNI_C/dist/Debug/GNU-Linux-x86/libJNI_C.so
7fa43547f000-7fa435480000 r--p 00001000 08:05 5380091                    /home/jano/NetBeansProjects/JNI_C/dist/Debug/GNU-Linux-x86/libJNI_C.so
7fa435480000-7fa435481000 rw-p 00002000 08:05 5380091                    /home/jano/NetBeansProjects/JNI_C/dist/Debug/GNU-Linux-x86/libJNI_C.so
7fa435481000-7fa435482000 ---p 00000000 00:00 0 
7fa435482000-7fa435582000 rw-p 00000000 00:00 0                          [stack:7040]
7fa435582000-7fa435585000 ---p 00000000 00:00 0 
7fa435585000-7fa435683000 rw-p 00000000 00:00 0                          [stack:7039]
7fa435683000-7fa435686000 ---p 00000000 00:00 0 
7fa435686000-7fa435784000 rw-p 00000000 00:00 0                          [stack:7038]
7fa435784000-7fa435787000 ---p 00000000 00:00 0 
7fa435787000-7fa435885000 rw-p 00000000 00:00 0                          [stack:7037]
7fa435885000-7fa435888000 ---p 00000000 00:00 0 
7fa435888000-7fa435986000 rw-p 00000000 00:00 0                          [stack:7036]
7fa435986000-7fa436084000 r--p 00000000 08:05 6035501                    /usr/lib/locale/locale-archive
7fa436084000-7fa436087000 ---p 00000000 00:00 0 
7fa436087000-7fa436185000 rw-p 00000000 00:00 0                          [stack:7035]
7fa436185000-7fa436188000 ---p 00000000 00:00 0 
7fa436188000-7fa436286000 rw-p 00000000 00:00 0                          [stack:7034]
7fa436286000-7fa436287000 ---p 00000000 00:00 0 
7fa436287000-7fa439000000 rw-p 00000000 00:00 0                          [stack:7033]
7fa439000000-7fa439270000 rwxp 00000000 00:00 0 
7fa439270000-7fa43c172000 rw-p 00000000 00:00 0 
7fa43c172000-7fa440000000 ---p 00000000 00:00 0 
7fa44001b000-7fa44001d000 rw-p 00000000 00:00 0 
7fa44001d000-7fa440020000 r--s 00017000 08:05 9702172                    /usr/lib/jvm/java-7-openjdk-amd64/jre/lib/jce.jar
7fa440020000-7fa440025000 r--s 0004c000 08:05 9702218                    /usr/lib/jvm/java-7-openjdk-amd64/jre/lib/jsse.jar
7fa440025000-7fa44002c000 r--s 00067000 08:05 5637826                    /home/jano/NetBeansProjects/MobilSignClient/lib/core.jar
7fa44002c000-7fa440033000 r--s 0003a000 08:05 4853928                    /home/jano/NetBeansProjects/MobilSignClient/commons-codec-1.8.jar
7fa440033000-7fa440726000 rw-p 00000000 00:00 0 
7fa440726000-7fa4408d4000 r--s 01cf4000 08:05 9702186                    /usr/lib/jvm/java-7-openjdk-amd64/jre/lib/rt.jar
7fa4408d4000-7fa440c04000 rw-p 00000000 00:00 0 
7fa440c04000-7fa440c05000 ---p 00000000 00:00 0 
7fa440c05000-7fa440d05000 rw-p 00000000 00:00 0                          [stack:7032]
7fa440d05000-7fa440d06000 ---p 00000000 00:00 0 
7fa440d06000-7fa440e06000 rw-p 00000000 00:00 0                          [stack:7031]
7fa440e06000-7fa440e07000 ---p 00000000 00:00 0 
7fa440e07000-7fa440f07000 rw-p 00000000 00:00 0                          [stack:7030]
7fa440f07000-7fa440f08000 ---p 00000000 00:00 0 
7fa440f08000-7fa441013000 rw-p 00000000 00:00 0                          [stack:7029]
7fa441013000-7fa44105b000 rw-p 00000000 00:00 0 
7fa44105b000-7fa44106f000 rw-p 00000000 00:00 0 
7fa44106f000-7fa44119e000 rw-p 00000000 00:00 0 
7fa44119e000-7fa4411a9000 rw-p 00000000 00:00 0 
7fa4411a9000-7fa4411f1000 rw-p 00000000 00:00 0 
7fa4411f1000-7fa441205000 rw-p 00000000 00:00 0 
7fa441205000-7fa441333000 rw-p 00000000 00:00 0 
7fa441333000-7fa44133e000 rw-p 00000000 00:00 0 
7fa44133e000-7fa4413d5000 rw-p 00000000 00:00 0 
7fa4413d5000-7fa4413d6000 rw-p 00000000 00:00 0 
7fa4413d6000-7fa4413de000 r-xp 00000000 08:05 9702261                    /usr/lib/jvm/java-7-openjdk-amd64/jre/lib/amd64/libzip.so
7fa4413de000-7fa4415dd000 ---p 00008000 08:05 9702261                    /usr/lib/jvm/java-7-openjdk-amd64/jre/lib/amd64/libzip.so
7fa4415dd000-7fa4415de000 r--p 00007000 08:05 9702261                    /usr/lib/jvm/java-7-openjdk-amd64/jre/lib/amd64/libzip.so
7fa4415de000-7fa4415df000 rw-p 00008000 08:05 9702261                    /usr/lib/jvm/java-7-openjdk-amd64/jre/lib/amd64/libzip.so
7fa4415df000-7fa4415eb000 r-xp 00000000 08:05 3147603                    /lib/x86_64-linux-gnu/libnss_files-2.17.so
7fa4415eb000-7fa4417ea000 ---p 0000c000 08:05 3147603                    /lib/x86_64-linux-gnu/libnss_files-2.17.so
7fa4417ea000-7fa4417eb000 r--p 0000b000 08:05 3147603                    /lib/x86_64-linux-gnu/libnss_files-2.17.so
7fa4417eb000-7fa4417ec000 rw-p 0000c000 08:05 3147603                    /lib/x86_64-linux-gnu/libnss_files-2.17.so
7fa4417ec000-7fa4417f7000 r-xp 00000000 08:05 3147610                    /lib/x86_64-linux-gnu/libnss_nis-2.17.so
7fa4417f7000-7fa4419f6000 ---p 0000b000 08:05 3147610                    /lib/x86_64-linux-gnu/libnss_nis-2.17.so
7fa4419f6000-7fa4419f7000 r--p 0000a000 08:05 3147610                    /lib/x86_64-linux-gnu/libnss_nis-2.17.so
7fa4419f7000-7fa4419f8000 rw-p 0000b000 08:05 3147610                    /lib/x86_64-linux-gnu/libnss_nis-2.17.so
7fa4419f8000-7fa441a0f000 r-xp 00000000 08:05 3147556                    /lib/x86_64-linux-gnu/libnsl-2.17.so
7fa441a0f000-7fa441c0e000 ---p 00017000 08:05 3147556                    /lib/x86_64-linux-gnu/libnsl-2.17.so
7fa441c0e000-7fa441c0f000 r--p 00016000 08:05 3147556                    /lib/x86_64-linux-gnu/libnsl-2.17.so
7fa441c0f000-7fa441c10000 rw-p 00017000 08:05 3147556                    /lib/x86_64-linux-gnu/libnsl-2.17.so
7fa441c10000-7fa441c12000 rw-p 00000000 00:00 0 
7fa441c12000-7fa441c1a000 r-xp 00000000 08:05 3147613                    /lib/x86_64-linux-gnu/libnss_compat-2.17.so
7fa441c1a000-7fa441e19000 ---p 00008000 08:05 3147613                    /lib/x86_64-linux-gnu/libnss_compat-2.17.so
7fa441e19000-7fa441e1a000 r--p 00007000 08:05 3147613                    /lib/x86_64-linux-gnu/libnss_compat-2.17.so
7fa441e1a000-7fa441e1b000 rw-p 00008000 08:05 3147613                    /lib/x86_64-linux-gnu/libnss_compat-2.17.so
7fa441e1b000-7fa441e46000 r-xp 00000000 08:05 9702246                    /usr/lib/jvm/java-7-openjdk-amd64/jre/lib/amd64/libjava.so
7fa441e46000-7fa442045000 ---p 0002b000 08:05 9702246                    /usr/lib/jvm/java-7-openjdk-amd64/jre/lib/amd64/libjava.so
7fa442045000-7fa442046000 r--p 0002a000 08:05 9702246                    /usr/lib/jvm/java-7-openjdk-amd64/jre/lib/amd64/libjava.so
7fa442046000-7fa442048000 rw-p 0002b000 08:05 9702246                    /usr/lib/jvm/java-7-openjdk-amd64/jre/lib/amd64/libjava.so
7fa442048000-7fa442057000 r-xp 00000000 08:05 9702245                    /usr/lib/jvm/java-7-openjdk-amd64/jre/lib/amd64/libverify.so
7fa442057000-7fa442256000 ---p 0000f000 08:05 9702245                    /usr/lib/jvm/java-7-openjdk-amd64/jre/lib/amd64/libverify.so
7fa442256000-7fa442258000 r--p 0000e000 08:05 9702245                    /usr/lib/jvm/java-7-openjdk-amd64/jre/lib/amd64/libverify.so
7fa442258000-7fa442259000 rw-p 00010000 08:05 9702245                    /usr/lib/jvm/java-7-openjdk-amd64/jre/lib/amd64/libverify.so
7fa442259000-7fa442260000 r-xp 00000000 08:05 3147606                    /lib/x86_64-linux-gnu/librt-2.17.so
7fa442260000-7fa44245f000 ---p 00007000 08:05 3147606                    /lib/x86_64-linux-gnu/librt-2.17.so
7fa44245f000-7fa442460000 r--p 00006000 08:05 3147606                    /lib/x86_64-linux-gnu/librt-2.17.so
7fa442460000-7fa442461000 rw-p 00007000 08:05 3147606                    /lib/x86_64-linux-gnu/librt-2.17.so
7fa442461000-7fa442475000 r-xp 00000000 08:05 3149450                    /lib/x86_64-linux-gnu/libgcc_s.so.1
7fa442475000-7fa442675000 ---p 00014000 08:05 3149450                    /lib/x86_64-linux-gnu/libgcc_s.so.1
7fa442675000-7fa442676000 r--p 00014000 08:05 3149450                    /lib/x86_64-linux-gnu/libgcc_s.so.1
7fa442676000-7fa442677000 rw-p 00015000 08:05 3149450                    /lib/x86_64-linux-gnu/libgcc_s.so.1
7fa442677000-7fa44277a000 r-xp 00000000 08:05 3147611                    /lib/x86_64-linux-gnu/libm-2.17.so
7fa44277a000-7fa44297a000 ---p 00103000 08:05 3147611                    /lib/x86_64-linux-gnu/libm-2.17.so
7fa44297a000-7fa44297b000 r--p 00103000 08:05 3147611                    /lib/x86_64-linux-gnu/libm-2.17.so
7fa44297b000-7fa44297c000 rw-p 00104000 08:05 3147611                    /lib/x86_64-linux-gnu/libm-2.17.so
7fa44297c000-7fa442a61000 r-xp 00000000 08:05 6037121                    /usr/lib/x86_64-linux-gnu/libstdc++.so.6.0.17
7fa442a61000-7fa442c60000 ---p 000e5000 08:05 6037121                    /usr/lib/x86_64-linux-gnu/libstdc++.so.6.0.17
7fa442c60000-7fa442c68000 r--p 000e4000 08:05 6037121                    /usr/lib/x86_64-linux-gnu/libstdc++.so.6.0.17
7fa442c68000-7fa442c6a000 rw-p 000ec000 08:05 6037121                    /usr/lib/x86_64-linux-gnu/libstdc++.so.6.0.17
7fa442c6a000-7fa442c7f000 rw-p 00000000 00:00 0 
7fa442c7f000-7fa443745000 r-xp 00000000 08:05 9702250                    /usr/lib/jvm/java-7-openjdk-amd64/jre/lib/amd64/server/libjvm.so
7fa443745000-7fa443945000 ---p 00ac6000 08:05 9702250                    /usr/lib/jvm/java-7-openjdk-amd64/jre/lib/amd64/server/libjvm.so
7fa443945000-7fa4439dd000 r--p 00ac6000 08:05 9702250                    /usr/lib/jvm/java-7-openjdk-amd64/jre/lib/amd64/server/libjvm.so
7fa4439dd000-7fa443a00000 rw-p 00b5e000 08:05 9702250                    /usr/lib/jvm/java-7-openjdk-amd64/jre/lib/amd64/server/libjvm.so
7fa443a00000-7fa443a2d000 rw-p 00000000 00:00 0 
7fa443a2d000-7fa443a43000 r-xp 00000000 08:05 3149578                    /lib/x86_64-linux-gnu/libz.so.1.2.7
7fa443a43000-7fa443c42000 ---p 00016000 08:05 3149578                    /lib/x86_64-linux-gnu/libz.so.1.2.7
7fa443c42000-7fa443c43000 r--p 00015000 08:05 3149578                    /lib/x86_64-linux-gnu/libz.so.1.2.7
7fa443c43000-7fa443c44000 rw-p 00016000 08:05 3149578                    /lib/x86_64-linux-gnu/libz.so.1.2.7
7fa443c44000-7fa443c5c000 r-xp 00000000 08:05 3147557                    /lib/x86_64-linux-gnu/libpthread-2.17.so
7fa443c5c000-7fa443e5b000 ---p 00018000 08:05 3147557                    /lib/x86_64-linux-gnu/libpthread-2.17.so
7fa443e5b000-7fa443e5c000 r--p 00017000 08:05 3147557                    /lib/x86_64-linux-gnu/libpthread-2.17.so
7fa443e5c000-7fa443e5d000 rw-p 00018000 08:05 3147557                    /lib/x86_64-linux-gnu/libpthread-2.17.so
7fa443e5d000-7fa443e61000 rw-p 00000000 00:00 0 
7fa443e61000-7fa443e64000 r-xp 00000000 08:05 3147602                    /lib/x86_64-linux-gnu/libdl-2.17.so
7fa443e64000-7fa444063000 ---p 00003000 08:05 3147602                    /lib/x86_64-linux-gnu/libdl-2.17.so
7fa444063000-7fa444064000 r--p 00002000 08:05 3147602                    /lib/x86_64-linux-gnu/libdl-2.17.so
7fa444064000-7fa444065000 rw-p 00003000 08:05 3147602                    /lib/x86_64-linux-gnu/libdl-2.17.so
7fa444065000-7fa444224000 r-xp 00000000 08:05 3148026                    /lib/x86_64-linux-gnu/libc-2.17.so
7fa444224000-7fa444423000 ---p 001bf000 08:05 3148026                    /lib/x86_64-linux-gnu/libc-2.17.so
7fa444423000-7fa444427000 r--p 001be000 08:05 3148026                    /lib/x86_64-linux-gnu/libc-2.17.so
7fa444427000-7fa444429000 rw-p 001c2000 08:05 3148026                    /lib/x86_64-linux-gnu/libc-2.17.so
7fa444429000-7fa44442e000 rw-p 00000000 00:00 0 
7fa44442e000-7fa44443b000 r-xp 00000000 08:05 9702230                    /usr/lib/jvm/java-7-openjdk-amd64/jre/lib/amd64/jli/libjli.so
7fa44443b000-7fa44463a000 ---p 0000d000 08:05 9702230                    /usr/lib/jvm/java-7-openjdk-amd64/jre/lib/amd64/jli/libjli.so
7fa44463a000-7fa44463b000 r--p 0000c000 08:05 9702230                    /usr/lib/jvm/java-7-openjdk-amd64/jre/lib/amd64/jli/libjli.so
7fa44463b000-7fa44463c000 rw-p 0000d000 08:05 9702230                    /usr/lib/jvm/java-7-openjdk-amd64/jre/lib/amd64/jli/libjli.so
7fa44463c000-7fa44465f000 r-xp 00000000 08:05 3147550                    /lib/x86_64-linux-gnu/ld-2.17.so
7fa44465f000-7fa444680000 rw-p 00000000 00:00 0 
7fa444680000-7fa444736000 rw-p 00000000 00:00 0 
7fa444736000-7fa444739000 ---p 00000000 00:00 0 
7fa444739000-7fa44483d000 rw-p 00000000 00:00 0                          [stack:7028]
7fa44483d000-7fa44483e000 r--s 00004000 08:05 5768845                    /home/jano/NetBeansProjects/MobilSignCommunicator/dist/SignSenderListener.jar
7fa44483e000-7fa444840000 r--s 00007000 08:05 5637827                    /home/jano/NetBeansProjects/MobilSignClient/lib/javase.jar
7fa444840000-7fa444844000 r--s 0003b000 08:05 9702191                    /usr/lib/jvm/java-7-openjdk-amd64/jre/lib/ext/sunpkcs11.jar
7fa444844000-7fa444846000 r--s 00012000 08:05 9702195                    /usr/lib/jvm/java-7-openjdk-amd64/jre/lib/ext/zipfs.jar
7fa444846000-7fa444848000 r--s 00006000 08:05 6430197                    /usr/share/java/java-atk-wrapper.jar
7fa444848000-7fa44484a000 r--s 0000f000 08:05 9702199                    /usr/lib/jvm/java-7-openjdk-amd64/jre/lib/ext/pulse-java.jar
7fa44484a000-7fa44484b000 r--s 00002000 08:05 9702197                    /usr/lib/jvm/java-7-openjdk-amd64/jre/lib/ext/dnsns.jar
7fa44484b000-7fa44484e000 r--s 00032000 08:05 9702193                    /usr/lib/jvm/java-7-openjdk-amd64/jre/lib/ext/sunjce_provider.jar
7fa44484e000-7fa444852000 r--s 00085000 08:05 9702201                    /usr/lib/jvm/java-7-openjdk-amd64/jre/lib/ext/localedata.jar
7fa444852000-7fa44485a000 rw-s 00000000 08:05 9964830                    /tmp/hsperfdata_jano/7024
7fa44485a000-7fa44485b000 rw-p 00000000 00:00 0 
7fa44485b000-7fa44485c000 r--p 00000000 00:00 0 
7fa44485c000-7fa44485e000 rw-p 00000000 00:00 0 
7fa44485e000-7fa44485f000 r--p 00022000 08:05 3147550                    /lib/x86_64-linux-gnu/ld-2.17.so
7fa44485f000-7fa444861000 rw-p 00023000 08:05 3147550                    /lib/x86_64-linux-gnu/ld-2.17.so
7fffee0a9000-7fffee0ca000 rw-p 00000000 00:00 0                          [stack]
7fffee0df000-7fffee0e1000 r-xp 00000000 00:00 0                          [vdso]
ffffffffff600000-ffffffffff601000 r-xp 00000000 00:00 0                  [vsyscall]

VM Arguments:
jvm_args: -Dfile.encoding=UTF-8 
java_command: mobilsignclient.Test
Launcher Type: SUN_STANDARD

Environment Variables:
PATH=/usr/lib/lightdm/lightdm:/usr/local/sbin:/usr/local/bin:/usr/sbin:/usr/bin:/sbin:/bin:/usr/games:/usr/local/games
LD_LIBRARY_PATH=/usr/lib/jvm/java-7-openjdk-amd64/jre/lib/amd64:/usr/lib/jvm/java-7-openjdk-amd64/jre/lib/i386:
SHELL=/bin/bash
DISPLAY=:0

Signal Handlers:
SIGSEGV: [libjvm.so+0x8f8310], sa_mask[0]=0x7ffbfeff, sa_flags=0x10000004
SIGBUS: [libjvm.so+0x8f8310], sa_mask[0]=0x7ffbfeff, sa_flags=0x10000004
SIGFPE: [libjvm.so+0x781ce0], sa_mask[0]=0x7ffbfeff, sa_flags=0x10000004
SIGPIPE: [libjvm.so+0x781ce0], sa_mask[0]=0x7ffbfeff, sa_flags=0x10000004
SIGXFSZ: [libjvm.so+0x781ce0], sa_mask[0]=0x7ffbfeff, sa_flags=0x10000004
SIGILL: [libjvm.so+0x781ce0], sa_mask[0]=0x7ffbfeff, sa_flags=0x10000004
SIGUSR1: SIG_DFL, sa_mask[0]=0x00000000, sa_flags=0x00000000
SIGUSR2: [libjvm.so+0x781fd0], sa_mask[0]=0x00000004, sa_flags=0x10000004
SIGHUP: [libjvm.so+0x782140], sa_mask[0]=0x7ffbfeff, sa_flags=0x10000004
SIGINT: SIG_IGN, sa_mask[0]=0x00000000, sa_flags=0x00000000
SIGTERM: [libjvm.so+0x782140], sa_mask[0]=0x7ffbfeff, sa_flags=0x10000004
SIGQUIT: [libjvm.so+0x782140], sa_mask[0]=0x7ffbfeff, sa_flags=0x10000004


---------------  S Y S T E M  ---------------

OS:Ubuntu 13.04 (raring)
uname:Linux 3.8.0-35-generic #50-Ubuntu SMP Tue Dec 3 01:24:59 UTC 2013 x86_64
libc:glibc 2.17 NPTL 2.17 
rlimit: STACK 8192k, CORE 0k, NPROC 30767, NOFILE 4096, AS infinity
load average:3,63 2,36 1,84

/proc/meminfo:
MemTotal:        3957352 kB
MemFree:          153044 kB
Buffers:           75088 kB
Cached:          1679656 kB
SwapCached:            0 kB
Active:          2142476 kB
Inactive:        1434536 kB
Active(anon):    1596340 kB
Inactive(anon):   723752 kB
Active(file):     546136 kB
Inactive(file):   710784 kB
Unevictable:          60 kB
Mlocked:              60 kB
SwapTotal:       4102140 kB
SwapFree:        4102140 kB
Dirty:              1052 kB
Writeback:             0 kB
AnonPages:       1822196 kB
Mapped:           309368 kB
Shmem:            497824 kB
Slab:             118668 kB
SReclaimable:      82880 kB
SUnreclaim:        35788 kB
KernelStack:        4984 kB
PageTables:        45284 kB
NFS_Unstable:          0 kB
Bounce:                0 kB
WritebackTmp:          0 kB
CommitLimit:     6080816 kB
Committed_AS:    6195860 kB
VmallocTotal:   34359738367 kB
VmallocUsed:      400748 kB
VmallocChunk:   34359333884 kB
HardwareCorrupted:     0 kB
AnonHugePages:         0 kB
HugePages_Total:       0
HugePages_Free:        0
HugePages_Rsvd:        0
HugePages_Surp:        0
Hugepagesize:       2048 kB
DirectMap4k:       71668 kB
DirectMap2M:     4038656 kB


CPU:total 4 (2 cores per cpu, 2 threads per core) family 6 model 42 stepping 7, cmov, cx8, fxsr, mmx, sse, sse2, sse3, ssse3, sse4.1, sse4.2, popcnt, avx, ht, tsc, tscinvbit

/proc/cpuinfo:
processor	: 0
vendor_id	: GenuineIntel
cpu family	: 6
model		: 42
model name	: Intel(R) Core(TM) i3-2310M CPU @ 2.10GHz
stepping	: 7
microcode	: 0x14
cpu MHz		: 2100.000
cache size	: 3072 KB
physical id	: 0
siblings	: 4
core id		: 0
cpu cores	: 2
apicid		: 0
initial apicid	: 0
fpu		: yes
fpu_exception	: yes
cpuid level	: 13
wp		: yes
flags		: fpu vme de pse tsc msr pae mce cx8 apic sep mtrr pge mca cmov pat pse36 clflush dts acpi mmx fxsr sse sse2 ss ht tm pbe syscall nx rdtscp lm constant_tsc arch_perfmon pebs bts rep_good nopl xtopology nonstop_tsc aperfmperf eagerfpu pni pclmulqdq dtes64 monitor ds_cpl vmx est tm2 ssse3 cx16 xtpr pdcm pcid sse4_1 sse4_2 x2apic popcnt tsc_deadline_timer xsave avx lahf_lm arat epb xsaveopt pln pts dtherm tpr_shadow vnmi flexpriority ept vpid
bogomips	: 4190.71
clflush size	: 64
cache_alignment	: 64
address sizes	: 36 bits physical, 48 bits virtual
power management:

processor	: 1
vendor_id	: GenuineIntel
cpu family	: 6
model		: 42
model name	: Intel(R) Core(TM) i3-2310M CPU @ 2.10GHz
stepping	: 7
microcode	: 0x14
cpu MHz		: 2100.000
cache size	: 3072 KB
physical id	: 0
siblings	: 4
core id		: 1
cpu cores	: 2
apicid		: 2
initial apicid	: 2
fpu		: yes
fpu_exception	: yes
cpuid level	: 13
wp		: yes
flags		: fpu vme de pse tsc msr pae mce cx8 apic sep mtrr pge mca cmov pat pse36 clflush dts acpi mmx fxsr sse sse2 ss ht tm pbe syscall nx rdtscp lm constant_tsc arch_perfmon pebs bts rep_good nopl xtopology nonstop_tsc aperfmperf eagerfpu pni pclmulqdq dtes64 monitor ds_cpl vmx est tm2 ssse3 cx16 xtpr pdcm pcid sse4_1 sse4_2 x2apic popcnt tsc_deadline_timer xsave avx lahf_lm arat epb xsaveopt pln pts dtherm tpr_shadow vnmi flexpriority ept vpid
bogomips	: 4190.71
clflush size	: 64
cache_alignment	: 64
address sizes	: 36 bits physical, 48 bits virtual
power management:

processor	: 2
vendor_id	: GenuineIntel
cpu family	: 6
model		: 42
model name	: Intel(R) Core(TM) i3-2310M CPU @ 2.10GHz
stepping	: 7
microcode	: 0x14
cpu MHz		: 2100.000
cache size	: 3072 KB
physical id	: 0
siblings	: 4
core id		: 0
cpu cores	: 2
apicid		: 1
initial apicid	: 1
fpu		: yes
fpu_exception	: yes
cpuid level	: 13
wp		: yes
flags		: fpu vme de pse tsc msr pae mce cx8 apic sep mtrr pge mca cmov pat pse36 clflush dts acpi mmx fxsr sse sse2 ss ht tm pbe syscall nx rdtscp lm constant_tsc arch_perfmon pebs bts rep_good nopl xtopology nonstop_tsc aperfmperf eagerfpu pni pclmulqdq dtes64 monitor ds_cpl vmx est tm2 ssse3 cx16 xtpr pdcm pcid sse4_1 sse4_2 x2apic popcnt tsc_deadline_timer xsave avx lahf_lm arat epb xsaveopt pln pts dtherm tpr_shadow vnmi flexpriority ept vpid
bogomips	: 4190.71
clflush size	: 64
cache_alignment	: 64
address sizes	: 36 bits physical, 48 bits virtual
power management:

processor	: 3
vendor_id	: GenuineIntel
cpu family	: 6
model		: 42
model name	: Intel(R) Core(TM) i3-2310M CPU @ 2.10GHz
stepping	: 7
microcode	: 0x14
cpu MHz		: 2100.000
cache size	: 3072 KB
physical id	: 0
siblings	: 4
core id		: 1
cpu cores	: 2
apicid		: 3
initial apicid	: 3
fpu		: yes
fpu_exception	: yes
cpuid level	: 13
wp		: yes
flags		: fpu vme de pse tsc msr pae mce cx8 apic sep mtrr pge mca cmov pat pse36 clflush dts acpi mmx fxsr sse sse2 ss ht tm pbe syscall nx rdtscp lm constant_tsc arch_perfmon pebs bts rep_good nopl xtopology nonstop_tsc aperfmperf eagerfpu pni pclmulqdq dtes64 monitor ds_cpl vmx est tm2 ssse3 cx16 xtpr pdcm pcid sse4_1 sse4_2 x2apic popcnt tsc_deadline_timer xsave avx lahf_lm arat epb xsaveopt pln pts dtherm tpr_shadow vnmi flexpriority ept vpid
bogomips	: 4190.71
clflush size	: 64
cache_alignment	: 64
address sizes	: 36 bits physical, 48 bits virtual
power management:



Memory: 4k page, physical 3957352k(153044k free), swap 4102140k(4102140k free)

vm_info: OpenJDK 64-Bit Server VM (24.45-b08) for linux-amd64 JRE (1.7.0_51-b00), built on Jan 16 2014 18:17:06 by "buildd" with gcc 4.7.3

time: Sat Oct 18 13:34:58 2014
elapsed time: 1 seconds

