#
# A fatal error has been detected by the Java Runtime Environment:
#
#  SIGSEGV (0xb) at pc=0x00007f9d007f4790, pid=6921, tid=140312302495488
#
# JRE version: OpenJDK Runtime Environment (7.0_51) (build 1.7.0_51-b00)
# Java VM: OpenJDK 64-Bit Server VM (24.45-b08 mixed mode linux-amd64 compressed oops)
# Problematic frame:
# C  [libc.so.6+0x9b790]  envz_strip+0x3d20
#
# Failed to write core dump. Core dumps have been disabled. To enable core dumping, try "ulimit -c unlimited" before starting Java again
#
# If you would like to submit a bug report, please include
# instructions on how to reproduce the bug and visit:
#   http://icedtea.classpath.org/bugzilla
# The crash happened outside the Java Virtual Machine in native code.
# See problematic frame for where to report the bug.
#

---------------  T H R E A D  ---------------

Current thread (0x00007f9cf800a000):  JavaThread "main" [_thread_in_native, id=6925, stack(0x00007f9d00e2a000,0x00007f9d00f2b000)]

siginfo:si_signo=SIGSEGV: si_errno=0, si_code=2 (SEGV_ACCERR), si_addr=0x00007f9cf1985c86

Registers:
RAX=0x00007f9cf1985c74, RBX=0x00000000b9594ca8, RCX=0x00007f9d007f4790, RDX=0x0000000000000000
RSP=0x00007f9d00f297f8, RBP=0x00007f9d00f29820, RSI=0x00007f9cf1985c97, RDI=0x00007f9cf1985c86
R8 =0x00007f9cf1985c51, R9 =0x00007f9cf1985c74, R10=0x00000000fffffff0, R11=0x00007f9d008d7cf4
R12=0x0000000000000000, R13=0x00000000b9594ca8, R14=0x00007f9d00f298c0, R15=0x00007f9cf800a000
RIP=0x00007f9d007f4790, EFLAGS=0x0000000000010206, CSGSFS=0x0000000000000033, ERR=0x0000000000000007
  TRAPNO=0x000000000000000e

Top of Stack: (sp=0x00007f9d00f297f8)
0x00007f9d00f297f8:   00007f9cf1985c1e 00007f9cf1985c74
0x00007f9d00f29808:   00007f9cf1985c74 00000000026a00cd
0x00007f9d00f29818:   00007f9cf1985c97 00007f9d00f29850
0x00007f9d00f29828:   00007f9cf1985ba2 00007f9d00f298b8
0x00007f9d00f29838:   00007f9cf800a1d8 00007f9d00f298a8
0x00007f9d00f29848:   00007f9cf1985c74 00007f9d00f298a8
0x00007f9d00f29858:   00007f9cf5012cd8 00000000fffffffe
0x00007f9d00f29868:   00007f9d00f29868 00000000b9594ca8
0x00007f9d00f29878:   00007f9d00f298c0 00000000b95951c8
0x00007f9d00f29888:   0000000000000000 00000000b9594ca8
0x00007f9d00f29898:   0000000000000000 00007f9d00f298c8
0x00007f9d00f298a8:   00007f9d00f29908 00007f9cf5006058
0x00007f9d00f298b8:   00000000ec9ca480 00007f9cf500ecd8
0x00007f9d00f298c8:   00007f9d00f298c8 00000000b949e212
0x00007f9d00f298d8:   00007f9d00f29940 00000000b94be5f8
0x00007f9d00f298e8:   0000000000000000 00000000b949e290
0x00007f9d00f298f8:   00007f9d00f298c8 00007f9d00f29928
0x00007f9d00f29908:   00007f9d00f29990 00007f9cf5006058
0x00007f9d00f29918:   00000000ec9c8018 00000000ec9c5260
0x00007f9d00f29928:   0000000000000000 000000000000007b
0x00007f9d00f29938:   00000000ebd06f20 00000000ebd78038
0x00007f9d00f29948:   00000000ebd78038 00007f9d00f29950
0x00007f9d00f29958:   00000000b949be09 00007f9d00f299a8
0x00007f9d00f29968:   00000000b949c0d0 0000000000000000
0x00007f9d00f29978:   00000000b949be30 00007f9d00f29928
0x00007f9d00f29988:   00007f9d00f299a8 00007f9d00f29a10
0x00007f9d00f29998:   00007f9cf50004e7 0000000000000000
0x00007f9d00f299a8:   00000000ebd65948 00007f9d00001fa0
0x00007f9d00f299b8:   0000000000000000 00007f9d00f29c70
0x00007f9d00f299c8:   00007f9d00f29ba0 00007f9cf800a000
0x00007f9d00f299d8:   00007f9cf800ae80 00007f9d00f29a80
0x00007f9d00f299e8:   00007f9d00f29c78 00007f9c0000000a 

Instructions: (pc=0x00007f9d007f4790)
0x00007f9d007f4770:   20 48 83 c7 20 4c 8d 1d 78 35 0e 00 49 63 0c 93
0x00007f9d007f4780:   49 8d 0c 0b ff e1 66 2e 0f 1f 84 00 00 00 00 00
0x00007f9d007f4790:   88 37 c3 66 66 66 66 2e 0f 1f 84 00 00 00 00 00
0x00007f9d007f47a0:   66 8b 16 66 89 17 c3 66 0f 1f 84 00 00 00 00 00 

Register to memory mapping:

RAX=0x00007f9cf1985c74: <offset 0xc74> in /home/jano/NetBeansProjects/JNI_C/dist/Debug/GNU-Linux-x86/libJNI_C.so at 0x00007f9cf1985000
RBX=0x00000000b9594ca8 is an oop
{method} 
 - klass: {other class}
RCX=0x00007f9d007f4790: <offset 0x9b790> in /lib/x86_64-linux-gnu/libc.so.6 at 0x00007f9d00759000
RDX=0x0000000000000000 is an unknown value
RSP=0x00007f9d00f297f8 is pointing into the stack for thread: 0x00007f9cf800a000
RBP=0x00007f9d00f29820 is pointing into the stack for thread: 0x00007f9cf800a000
RSI=0x00007f9cf1985c97: <offset 0xc97> in /home/jano/NetBeansProjects/JNI_C/dist/Debug/GNU-Linux-x86/libJNI_C.so at 0x00007f9cf1985000
RDI=0x00007f9cf1985c86: <offset 0xc86> in /home/jano/NetBeansProjects/JNI_C/dist/Debug/GNU-Linux-x86/libJNI_C.so at 0x00007f9cf1985000
R8 =0x00007f9cf1985c51: <offset 0xc51> in /home/jano/NetBeansProjects/JNI_C/dist/Debug/GNU-Linux-x86/libJNI_C.so at 0x00007f9cf1985000
R9 =0x00007f9cf1985c74: <offset 0xc74> in /home/jano/NetBeansProjects/JNI_C/dist/Debug/GNU-Linux-x86/libJNI_C.so at 0x00007f9cf1985000
R10=0x00000000fffffff0 is an unallocated location in the heap
R11=0x00007f9d008d7cf4: <offset 0x17ecf4> in /lib/x86_64-linux-gnu/libc.so.6 at 0x00007f9d00759000
R12=0x0000000000000000 is an unknown value
R13=0x00000000b9594ca8 is an oop
{method} 
 - klass: {other class}
R14=0x00007f9d00f298c0 is pointing into the stack for thread: 0x00007f9cf800a000
R15=0x00007f9cf800a000 is a thread


Stack: [0x00007f9d00e2a000,0x00007f9d00f2b000],  sp=0x00007f9d00f297f8,  free space=1021k
Native frames: (J=compiled Java code, j=interpreted, Vv=VM code, C=native code)
C  [libc.so.6+0x9b790]  envz_strip+0x3d20
C  [libJNI_C.so+0xba2]  Java_jni_JNI_init+0x68
j  jni.JNI.init()V+0
j  mobilsignclient.MobilSignClient.<init>(Ljava/lang/String;ILjavax/swing/JTextArea;)V+130
j  mobilsignclient.Test.main([Ljava/lang/String;)V+9
v  ~StubRoutines::call_stub
V  [libjvm.so+0x5ba11c]  JavaCalls::call_helper(JavaValue*, methodHandle*, JavaCallArguments*, Thread*)+0x31c
V  [libjvm.so+0x5b9bd5]  JavaCalls::call(JavaValue*, methodHandle, JavaCallArguments*, Thread*)+0x25
V  [libjvm.so+0x5c521f]  jni_invoke_static(JNIEnv_*, JavaValue*, _jobject*, JNICallType, _jmethodID*, JNI_ArgumentPusher*, Thread*) [clone .isra.124] [clone .constprop.154]+0x13f
V  [libjvm.so+0x5cf1b3]  jni_CallStaticVoidMethod+0x123
C  [libjli.so+0x31f1]  __strcat_chk+0x31f1

Java frames: (J=compiled Java code, j=interpreted, Vv=VM code)
j  jni.JNI.init()V+0
j  mobilsignclient.MobilSignClient.<init>(Ljava/lang/String;ILjavax/swing/JTextArea;)V+130
j  mobilsignclient.Test.main([Ljava/lang/String;)V+9
v  ~StubRoutines::call_stub

---------------  P R O C E S S  ---------------

Java Threads: ( => current thread )
  0x00007f9cf80a7000 JavaThread "Service Thread" daemon [_thread_blocked, id=6936, stack(0x00007f9cf1c89000,0x00007f9cf1d8a000)]
  0x00007f9cf80a5000 JavaThread "C2 CompilerThread1" daemon [_thread_blocked, id=6935, stack(0x00007f9cf1d8a000,0x00007f9cf1e8b000)]
  0x00007f9cf80a2000 JavaThread "C2 CompilerThread0" daemon [_thread_blocked, id=6934, stack(0x00007f9cf1e8b000,0x00007f9cf1f8c000)]
  0x00007f9cf809f800 JavaThread "Signal Dispatcher" daemon [_thread_blocked, id=6933, stack(0x00007f9cf1f8c000,0x00007f9cf208d000)]
  0x00007f9cf807c000 JavaThread "Finalizer" daemon [_thread_blocked, id=6932, stack(0x00007f9cf278b000,0x00007f9cf288c000)]
  0x00007f9cf807a000 JavaThread "Reference Handler" daemon [_thread_blocked, id=6931, stack(0x00007f9cf288c000,0x00007f9cf298d000)]
=>0x00007f9cf800a000 JavaThread "main" [_thread_in_native, id=6925, stack(0x00007f9d00e2a000,0x00007f9d00f2b000)]

Other Threads:
  0x00007f9cf8075800 VMThread [stack: 0x00007f9cf298d000,0x00007f9cf2a8e000] [id=6930]
  0x00007f9cf80b2000 WatcherThread [stack: 0x00007f9cf1b88000,0x00007f9cf1c89000] [id=6937]

VM state:not at safepoint (normal execution)

VM Mutex/Monitor currently owned by a thread: None

Heap
 PSYoungGen      total 18432K, used 13400K [0x00000000ebd00000, 0x00000000ed180000, 0x0000000100000000)
  eden space 15872K, 84% used [0x00000000ebd00000,0x00000000eca16348,0x00000000ecc80000)
  from space 2560K, 0% used [0x00000000ecf00000,0x00000000ecf00000,0x00000000ed180000)
  to   space 2560K, 0% used [0x00000000ecc80000,0x00000000ecc80000,0x00000000ecf00000)
 ParOldGen       total 40960K, used 0K [0x00000000c3800000, 0x00000000c6000000, 0x00000000ebd00000)
  object space 40960K, 0% used [0x00000000c3800000,0x00000000c3800000,0x00000000c6000000)
 PSPermGen       total 21504K, used 3668K [0x00000000b9200000, 0x00000000ba700000, 0x00000000c3800000)
  object space 21504K, 17% used [0x00000000b9200000,0x00000000b9595208,0x00000000ba700000)

Card table byte_map: [0x00007f9cfd892000,0x00007f9cfdaca000] byte_map_base: 0x00007f9cfd2c9000

Polling page: 0x00007f9d00f4f000

Code Cache  [0x00007f9cf5000000, 0x00007f9cf5270000, 0x00007f9cf8000000)
 total_blobs=245 nmethods=53 adapters=146 free_code_cache=48650Kb largest_free_block=49791104

Compilation events (10 events):
Event: 1,263 Thread 0x00007f9cf80a5000 nmethod 49 0x00007f9cf5078790 code [0x00007f9cf50788c0, 0x00007f9cf5078938]
Event: 1,268 Thread 0x00007f9cf80a5000   50             java.lang.CharacterData::of (120 bytes)
Event: 1,268 Thread 0x00007f9cf80a2000 nmethod 48 0x00007f9cf507ced0 code [0x00007f9cf507d040, 0x00007f9cf507da78]
Event: 1,271 Thread 0x00007f9cf80a5000 nmethod 50 0x00007f9cf5078390 code [0x00007f9cf50784e0, 0x00007f9cf50785b8]
Event: 1,271 Thread 0x00007f9cf80a2000   51             java.lang.String::toLowerCase (472 bytes)
Event: 1,271 Thread 0x00007f9cf80a5000   52             java.lang.Character::toLowerCase (9 bytes)
Event: 1,274 Thread 0x00007f9cf80a5000 nmethod 52 0x00007f9cf507e310 code [0x00007f9cf507e460, 0x00007f9cf507e5b8]
Event: 1,274 Thread 0x00007f9cf80a5000   53             java.lang.CharacterDataLatin1::toLowerCase (39 bytes)
Event: 1,275 Thread 0x00007f9cf80a5000 nmethod 53 0x00007f9cf507e090 code [0x00007f9cf507e1c0, 0x00007f9cf507e278]
Event: 1,302 Thread 0x00007f9cf80a2000 nmethod 51 0x00007f9cf5082350 code [0x00007f9cf50825a0, 0x00007f9cf5083240]

GC Heap History (0 events):
No events

Deoptimization events (1 events):
Event: 0,332 Thread 0x00007f9cf800a000 Uncommon trap: reason=unreached action=reinterpret pc=0x00007f9cf5067e28 method=java.math.BigInteger.squareToLen([II[I)[I @ 5

Internal exceptions (10 events):
Event: 0,137 Thread 0x00007f9cf800a000 Threw 0x00000000ebd6de40 at /build/buildd/openjdk-7-7u51-2.4.4/build/openjdk/hotspot/src/share/vm/prims/jvm.cpp:1244
Event: 0,139 Thread 0x00007f9cf800a000 Threw 0x00000000ebd714a8 at /build/buildd/openjdk-7-7u51-2.4.4/build/openjdk/hotspot/src/share/vm/prims/jvm.cpp:1244
Event: 0,332 Thread 0x00007f9cf800a000 Implicit null exception at 0x00007f9cf50674d8 to 0x00007f9cf5067e19
Event: 1,243 Thread 0x00007f9cf800a000 Threw 0x00000000ec96b668 at /build/buildd/openjdk-7-7u51-2.4.4/build/openjdk/hotspot/src/share/vm/prims/jvm.cpp:1244
Event: 1,247 Thread 0x00007f9cf800a000 Threw 0x00000000ec974238 at /build/buildd/openjdk-7-7u51-2.4.4/build/openjdk/hotspot/src/share/vm/prims/jvm.cpp:1244
Event: 1,248 Thread 0x00007f9cf800a000 Threw 0x00000000ec9754d0 at /build/buildd/openjdk-7-7u51-2.4.4/build/openjdk/hotspot/src/share/vm/prims/jvm.cpp:1244
Event: 1,280 Thread 0x00007f9cf800a000 Threw 0x00000000ec9be4f0 at /build/buildd/openjdk-7-7u51-2.4.4/build/openjdk/hotspot/src/share/vm/prims/jvm.cpp:1244
Event: 1,282 Thread 0x00007f9cf800a000 Threw 0x00000000ec9c31b0 at /build/buildd/openjdk-7-7u51-2.4.4/build/openjdk/hotspot/src/share/vm/prims/jvm.cpp:1244
Event: 1,283 Thread 0x00007f9cf800a000 Threw 0x00000000ec9c6010 at /build/buildd/openjdk-7-7u51-2.4.4/build/openjdk/hotspot/src/share/vm/prims/jvm.cpp:1244
Event: 1,284 Thread 0x00007f9cf800a000 Threw 0x00000000ec9c8f08 at /build/buildd/openjdk-7-7u51-2.4.4/build/openjdk/hotspot/src/share/vm/prims/jvm.cpp:1244

Events (10 events):
Event: 1,280 loading class 0x00007f9cf81070f0
Event: 1,280 loading class 0x00007f9cf81070f0 done
Event: 1,281 loading class 0x00007f9cfd07de10
Event: 1,281 loading class 0x00007f9cfd07de10 done
Event: 1,281 loading class 0x00007f9cf8107040
Event: 1,281 loading class 0x00007f9cf8107040 done
Event: 1,282 loading class 0x00007f9cf8107080
Event: 1,282 loading class 0x00007f9cf8107080 done
Event: 1,284 loading class 0x00007f9cf8107240
Event: 1,284 loading class 0x00007f9cf8107240 done


Dynamic libraries:
00400000-00401000 r-xp 00000000 08:05 9702267                            /usr/lib/jvm/java-7-openjdk-amd64/jre/bin/java
00600000-00601000 r--p 00000000 08:05 9702267                            /usr/lib/jvm/java-7-openjdk-amd64/jre/bin/java
00601000-00602000 rw-p 00001000 08:05 9702267                            /usr/lib/jvm/java-7-openjdk-amd64/jre/bin/java
023ef000-02410000 rw-p 00000000 00:00 0                                  [heap]
b9200000-ba700000 rw-p 00000000 00:00 0 
ba700000-c3800000 rw-p 00000000 00:00 0 
c3800000-c6000000 rw-p 00000000 00:00 0 
c6000000-ebd00000 rw-p 00000000 00:00 0 
ebd00000-ed180000 rw-p 00000000 00:00 0 
ed180000-100000000 rw-p 00000000 00:00 0 
7f9cbc000000-7f9cbc021000 rw-p 00000000 00:00 0 
7f9cbc021000-7f9cc0000000 ---p 00000000 00:00 0 
7f9cc0000000-7f9cc0021000 rw-p 00000000 00:00 0 
7f9cc0021000-7f9cc4000000 ---p 00000000 00:00 0 
7f9cc4000000-7f9cc430c000 rw-p 00000000 00:00 0 
7f9cc430c000-7f9cc8000000 ---p 00000000 00:00 0 
7f9cc8000000-7f9cc8390000 rw-p 00000000 00:00 0 
7f9cc8390000-7f9ccc000000 ---p 00000000 00:00 0 
7f9ccc000000-7f9ccc021000 rw-p 00000000 00:00 0 
7f9ccc021000-7f9cd0000000 ---p 00000000 00:00 0 
7f9cd4000000-7f9cd4021000 rw-p 00000000 00:00 0 
7f9cd4021000-7f9cd8000000 ---p 00000000 00:00 0 
7f9cd8000000-7f9cd8021000 rw-p 00000000 00:00 0 
7f9cd8021000-7f9cdc000000 ---p 00000000 00:00 0 
7f9cdc000000-7f9cdc021000 rw-p 00000000 00:00 0 
7f9cdc021000-7f9ce0000000 ---p 00000000 00:00 0 
7f9ce0000000-7f9ce0021000 rw-p 00000000 00:00 0 
7f9ce0021000-7f9ce4000000 ---p 00000000 00:00 0 
7f9ce4000000-7f9ce4021000 rw-p 00000000 00:00 0 
7f9ce4021000-7f9ce8000000 ---p 00000000 00:00 0 
7f9ce8000000-7f9ce8021000 rw-p 00000000 00:00 0 
7f9ce8021000-7f9cec000000 ---p 00000000 00:00 0 
7f9cec000000-7f9cec021000 rw-p 00000000 00:00 0 
7f9cec021000-7f9cf0000000 ---p 00000000 00:00 0 
7f9cf1737000-7f9cf1985000 rw-p 00000000 00:00 0 
7f9cf1985000-7f9cf1986000 r-xp 00000000 08:05 5380091                    /home/jano/NetBeansProjects/JNI_C/dist/Debug/GNU-Linux-x86/libJNI_C.so
7f9cf1986000-7f9cf1b86000 ---p 00001000 08:05 5380091                    /home/jano/NetBeansProjects/JNI_C/dist/Debug/GNU-Linux-x86/libJNI_C.so
7f9cf1b86000-7f9cf1b87000 r--p 00001000 08:05 5380091                    /home/jano/NetBeansProjects/JNI_C/dist/Debug/GNU-Linux-x86/libJNI_C.so
7f9cf1b87000-7f9cf1b88000 rw-p 00002000 08:05 5380091                    /home/jano/NetBeansProjects/JNI_C/dist/Debug/GNU-Linux-x86/libJNI_C.so
7f9cf1b88000-7f9cf1b89000 ---p 00000000 00:00 0 
7f9cf1b89000-7f9cf1c89000 rw-p 00000000 00:00 0                          [stack:6937]
7f9cf1c89000-7f9cf1c8c000 ---p 00000000 00:00 0 
7f9cf1c8c000-7f9cf1d8a000 rw-p 00000000 00:00 0                          [stack:6936]
7f9cf1d8a000-7f9cf1d8d000 ---p 00000000 00:00 0 
7f9cf1d8d000-7f9cf1e8b000 rw-p 00000000 00:00 0                          [stack:6935]
7f9cf1e8b000-7f9cf1e8e000 ---p 00000000 00:00 0 
7f9cf1e8e000-7f9cf1f8c000 rw-p 00000000 00:00 0                          [stack:6934]
7f9cf1f8c000-7f9cf1f8f000 ---p 00000000 00:00 0 
7f9cf1f8f000-7f9cf208d000 rw-p 00000000 00:00 0                          [stack:6933]
7f9cf208d000-7f9cf278b000 r--p 00000000 08:05 6035501                    /usr/lib/locale/locale-archive
7f9cf278b000-7f9cf278e000 ---p 00000000 00:00 0 
7f9cf278e000-7f9cf288c000 rw-p 00000000 00:00 0                          [stack:6932]
7f9cf288c000-7f9cf288f000 ---p 00000000 00:00 0 
7f9cf288f000-7f9cf298d000 rw-p 00000000 00:00 0                          [stack:6931]
7f9cf298d000-7f9cf298e000 ---p 00000000 00:00 0 
7f9cf298e000-7f9cf5000000 rw-p 00000000 00:00 0                          [stack:6930]
7f9cf5000000-7f9cf5270000 rwxp 00000000 00:00 0 
7f9cf5270000-7f9cf8162000 rw-p 00000000 00:00 0 
7f9cf8162000-7f9cfc000000 ---p 00000000 00:00 0 
7f9cfc008000-7f9cfc00a000 rw-p 00000000 00:00 0 
7f9cfc00a000-7f9cfc00d000 r--s 00017000 08:05 9702172                    /usr/lib/jvm/java-7-openjdk-amd64/jre/lib/jce.jar
7f9cfc00d000-7f9cfc012000 r--s 0004c000 08:05 9702218                    /usr/lib/jvm/java-7-openjdk-amd64/jre/lib/jsse.jar
7f9cfc012000-7f9cfc019000 r--s 00067000 08:05 5637826                    /home/jano/NetBeansProjects/MobilSignClient/lib/core.jar
7f9cfc019000-7f9cfc020000 r--s 0003a000 08:05 4853928                    /home/jano/NetBeansProjects/MobilSignClient/commons-codec-1.8.jar
7f9cfc020000-7f9cfce1a000 rw-p 00000000 00:00 0 
7f9cfce1a000-7f9cfcfc8000 r--s 01cf4000 08:05 9702186                    /usr/lib/jvm/java-7-openjdk-amd64/jre/lib/rt.jar
7f9cfcfc8000-7f9cfd2f8000 rw-p 00000000 00:00 0 
7f9cfd2f8000-7f9cfd2f9000 ---p 00000000 00:00 0 
7f9cfd2f9000-7f9cfd3f9000 rw-p 00000000 00:00 0                          [stack:6929]
7f9cfd3f9000-7f9cfd3fa000 ---p 00000000 00:00 0 
7f9cfd3fa000-7f9cfd4fa000 rw-p 00000000 00:00 0                          [stack:6928]
7f9cfd4fa000-7f9cfd4fb000 ---p 00000000 00:00 0 
7f9cfd4fb000-7f9cfd5fb000 rw-p 00000000 00:00 0                          [stack:6927]
7f9cfd5fb000-7f9cfd5fc000 ---p 00000000 00:00 0 
7f9cfd5fc000-7f9cfd707000 rw-p 00000000 00:00 0                          [stack:6926]
7f9cfd707000-7f9cfd74f000 rw-p 00000000 00:00 0 
7f9cfd74f000-7f9cfd763000 rw-p 00000000 00:00 0 
7f9cfd763000-7f9cfd892000 rw-p 00000000 00:00 0 
7f9cfd892000-7f9cfd89d000 rw-p 00000000 00:00 0 
7f9cfd89d000-7f9cfd8e5000 rw-p 00000000 00:00 0 
7f9cfd8e5000-7f9cfd8f9000 rw-p 00000000 00:00 0 
7f9cfd8f9000-7f9cfda27000 rw-p 00000000 00:00 0 
7f9cfda27000-7f9cfda32000 rw-p 00000000 00:00 0 
7f9cfda32000-7f9cfdac9000 rw-p 00000000 00:00 0 
7f9cfdac9000-7f9cfdaca000 rw-p 00000000 00:00 0 
7f9cfdaca000-7f9cfdad2000 r-xp 00000000 08:05 9702261                    /usr/lib/jvm/java-7-openjdk-amd64/jre/lib/amd64/libzip.so
7f9cfdad2000-7f9cfdcd1000 ---p 00008000 08:05 9702261                    /usr/lib/jvm/java-7-openjdk-amd64/jre/lib/amd64/libzip.so
7f9cfdcd1000-7f9cfdcd2000 r--p 00007000 08:05 9702261                    /usr/lib/jvm/java-7-openjdk-amd64/jre/lib/amd64/libzip.so
7f9cfdcd2000-7f9cfdcd3000 rw-p 00008000 08:05 9702261                    /usr/lib/jvm/java-7-openjdk-amd64/jre/lib/amd64/libzip.so
7f9cfdcd3000-7f9cfdcdf000 r-xp 00000000 08:05 3147603                    /lib/x86_64-linux-gnu/libnss_files-2.17.so
7f9cfdcdf000-7f9cfdede000 ---p 0000c000 08:05 3147603                    /lib/x86_64-linux-gnu/libnss_files-2.17.so
7f9cfdede000-7f9cfdedf000 r--p 0000b000 08:05 3147603                    /lib/x86_64-linux-gnu/libnss_files-2.17.so
7f9cfdedf000-7f9cfdee0000 rw-p 0000c000 08:05 3147603                    /lib/x86_64-linux-gnu/libnss_files-2.17.so
7f9cfdee0000-7f9cfdeeb000 r-xp 00000000 08:05 3147610                    /lib/x86_64-linux-gnu/libnss_nis-2.17.so
7f9cfdeeb000-7f9cfe0ea000 ---p 0000b000 08:05 3147610                    /lib/x86_64-linux-gnu/libnss_nis-2.17.so
7f9cfe0ea000-7f9cfe0eb000 r--p 0000a000 08:05 3147610                    /lib/x86_64-linux-gnu/libnss_nis-2.17.so
7f9cfe0eb000-7f9cfe0ec000 rw-p 0000b000 08:05 3147610                    /lib/x86_64-linux-gnu/libnss_nis-2.17.so
7f9cfe0ec000-7f9cfe103000 r-xp 00000000 08:05 3147556                    /lib/x86_64-linux-gnu/libnsl-2.17.so
7f9cfe103000-7f9cfe302000 ---p 00017000 08:05 3147556                    /lib/x86_64-linux-gnu/libnsl-2.17.so
7f9cfe302000-7f9cfe303000 r--p 00016000 08:05 3147556                    /lib/x86_64-linux-gnu/libnsl-2.17.so
7f9cfe303000-7f9cfe304000 rw-p 00017000 08:05 3147556                    /lib/x86_64-linux-gnu/libnsl-2.17.so
7f9cfe304000-7f9cfe306000 rw-p 00000000 00:00 0 
7f9cfe306000-7f9cfe30e000 r-xp 00000000 08:05 3147613                    /lib/x86_64-linux-gnu/libnss_compat-2.17.so
7f9cfe30e000-7f9cfe50d000 ---p 00008000 08:05 3147613                    /lib/x86_64-linux-gnu/libnss_compat-2.17.so
7f9cfe50d000-7f9cfe50e000 r--p 00007000 08:05 3147613                    /lib/x86_64-linux-gnu/libnss_compat-2.17.so
7f9cfe50e000-7f9cfe50f000 rw-p 00008000 08:05 3147613                    /lib/x86_64-linux-gnu/libnss_compat-2.17.so
7f9cfe50f000-7f9cfe53a000 r-xp 00000000 08:05 9702246                    /usr/lib/jvm/java-7-openjdk-amd64/jre/lib/amd64/libjava.so
7f9cfe53a000-7f9cfe739000 ---p 0002b000 08:05 9702246                    /usr/lib/jvm/java-7-openjdk-amd64/jre/lib/amd64/libjava.so
7f9cfe739000-7f9cfe73a000 r--p 0002a000 08:05 9702246                    /usr/lib/jvm/java-7-openjdk-amd64/jre/lib/amd64/libjava.so
7f9cfe73a000-7f9cfe73c000 rw-p 0002b000 08:05 9702246                    /usr/lib/jvm/java-7-openjdk-amd64/jre/lib/amd64/libjava.so
7f9cfe73c000-7f9cfe74b000 r-xp 00000000 08:05 9702245                    /usr/lib/jvm/java-7-openjdk-amd64/jre/lib/amd64/libverify.so
7f9cfe74b000-7f9cfe94a000 ---p 0000f000 08:05 9702245                    /usr/lib/jvm/java-7-openjdk-amd64/jre/lib/amd64/libverify.so
7f9cfe94a000-7f9cfe94c000 r--p 0000e000 08:05 9702245                    /usr/lib/jvm/java-7-openjdk-amd64/jre/lib/amd64/libverify.so
7f9cfe94c000-7f9cfe94d000 rw-p 00010000 08:05 9702245                    /usr/lib/jvm/java-7-openjdk-amd64/jre/lib/amd64/libverify.so
7f9cfe94d000-7f9cfe954000 r-xp 00000000 08:05 3147606                    /lib/x86_64-linux-gnu/librt-2.17.so
7f9cfe954000-7f9cfeb53000 ---p 00007000 08:05 3147606                    /lib/x86_64-linux-gnu/librt-2.17.so
7f9cfeb53000-7f9cfeb54000 r--p 00006000 08:05 3147606                    /lib/x86_64-linux-gnu/librt-2.17.so
7f9cfeb54000-7f9cfeb55000 rw-p 00007000 08:05 3147606                    /lib/x86_64-linux-gnu/librt-2.17.so
7f9cfeb55000-7f9cfeb69000 r-xp 00000000 08:05 3149450                    /lib/x86_64-linux-gnu/libgcc_s.so.1
7f9cfeb69000-7f9cfed69000 ---p 00014000 08:05 3149450                    /lib/x86_64-linux-gnu/libgcc_s.so.1
7f9cfed69000-7f9cfed6a000 r--p 00014000 08:05 3149450                    /lib/x86_64-linux-gnu/libgcc_s.so.1
7f9cfed6a000-7f9cfed6b000 rw-p 00015000 08:05 3149450                    /lib/x86_64-linux-gnu/libgcc_s.so.1
7f9cfed6b000-7f9cfee6e000 r-xp 00000000 08:05 3147611                    /lib/x86_64-linux-gnu/libm-2.17.so
7f9cfee6e000-7f9cff06e000 ---p 00103000 08:05 3147611                    /lib/x86_64-linux-gnu/libm-2.17.so
7f9cff06e000-7f9cff06f000 r--p 00103000 08:05 3147611                    /lib/x86_64-linux-gnu/libm-2.17.so
7f9cff06f000-7f9cff070000 rw-p 00104000 08:05 3147611                    /lib/x86_64-linux-gnu/libm-2.17.so
7f9cff070000-7f9cff155000 r-xp 00000000 08:05 6037121                    /usr/lib/x86_64-linux-gnu/libstdc++.so.6.0.17
7f9cff155000-7f9cff354000 ---p 000e5000 08:05 6037121                    /usr/lib/x86_64-linux-gnu/libstdc++.so.6.0.17
7f9cff354000-7f9cff35c000 r--p 000e4000 08:05 6037121                    /usr/lib/x86_64-linux-gnu/libstdc++.so.6.0.17
7f9cff35c000-7f9cff35e000 rw-p 000ec000 08:05 6037121                    /usr/lib/x86_64-linux-gnu/libstdc++.so.6.0.17
7f9cff35e000-7f9cff373000 rw-p 00000000 00:00 0 
7f9cff373000-7f9cffe39000 r-xp 00000000 08:05 9702250                    /usr/lib/jvm/java-7-openjdk-amd64/jre/lib/amd64/server/libjvm.so
7f9cffe39000-7f9d00039000 ---p 00ac6000 08:05 9702250                    /usr/lib/jvm/java-7-openjdk-amd64/jre/lib/amd64/server/libjvm.so
7f9d00039000-7f9d000d1000 r--p 00ac6000 08:05 9702250                    /usr/lib/jvm/java-7-openjdk-amd64/jre/lib/amd64/server/libjvm.so
7f9d000d1000-7f9d000f4000 rw-p 00b5e000 08:05 9702250                    /usr/lib/jvm/java-7-openjdk-amd64/jre/lib/amd64/server/libjvm.so
7f9d000f4000-7f9d00121000 rw-p 00000000 00:00 0 
7f9d00121000-7f9d00137000 r-xp 00000000 08:05 3149578                    /lib/x86_64-linux-gnu/libz.so.1.2.7
7f9d00137000-7f9d00336000 ---p 00016000 08:05 3149578                    /lib/x86_64-linux-gnu/libz.so.1.2.7
7f9d00336000-7f9d00337000 r--p 00015000 08:05 3149578                    /lib/x86_64-linux-gnu/libz.so.1.2.7
7f9d00337000-7f9d00338000 rw-p 00016000 08:05 3149578                    /lib/x86_64-linux-gnu/libz.so.1.2.7
7f9d00338000-7f9d00350000 r-xp 00000000 08:05 3147557                    /lib/x86_64-linux-gnu/libpthread-2.17.so
7f9d00350000-7f9d0054f000 ---p 00018000 08:05 3147557                    /lib/x86_64-linux-gnu/libpthread-2.17.so
7f9d0054f000-7f9d00550000 r--p 00017000 08:05 3147557                    /lib/x86_64-linux-gnu/libpthread-2.17.so
7f9d00550000-7f9d00551000 rw-p 00018000 08:05 3147557                    /lib/x86_64-linux-gnu/libpthread-2.17.so
7f9d00551000-7f9d00555000 rw-p 00000000 00:00 0 
7f9d00555000-7f9d00558000 r-xp 00000000 08:05 3147602                    /lib/x86_64-linux-gnu/libdl-2.17.so
7f9d00558000-7f9d00757000 ---p 00003000 08:05 3147602                    /lib/x86_64-linux-gnu/libdl-2.17.so
7f9d00757000-7f9d00758000 r--p 00002000 08:05 3147602                    /lib/x86_64-linux-gnu/libdl-2.17.so
7f9d00758000-7f9d00759000 rw-p 00003000 08:05 3147602                    /lib/x86_64-linux-gnu/libdl-2.17.so
7f9d00759000-7f9d00918000 r-xp 00000000 08:05 3148026                    /lib/x86_64-linux-gnu/libc-2.17.so
7f9d00918000-7f9d00b17000 ---p 001bf000 08:05 3148026                    /lib/x86_64-linux-gnu/libc-2.17.so
7f9d00b17000-7f9d00b1b000 r--p 001be000 08:05 3148026                    /lib/x86_64-linux-gnu/libc-2.17.so
7f9d00b1b000-7f9d00b1d000 rw-p 001c2000 08:05 3148026                    /lib/x86_64-linux-gnu/libc-2.17.so
7f9d00b1d000-7f9d00b22000 rw-p 00000000 00:00 0 
7f9d00b22000-7f9d00b2f000 r-xp 00000000 08:05 9702230                    /usr/lib/jvm/java-7-openjdk-amd64/jre/lib/amd64/jli/libjli.so
7f9d00b2f000-7f9d00d2e000 ---p 0000d000 08:05 9702230                    /usr/lib/jvm/java-7-openjdk-amd64/jre/lib/amd64/jli/libjli.so
7f9d00d2e000-7f9d00d2f000 r--p 0000c000 08:05 9702230                    /usr/lib/jvm/java-7-openjdk-amd64/jre/lib/amd64/jli/libjli.so
7f9d00d2f000-7f9d00d30000 rw-p 0000d000 08:05 9702230                    /usr/lib/jvm/java-7-openjdk-amd64/jre/lib/amd64/jli/libjli.so
7f9d00d30000-7f9d00d53000 r-xp 00000000 08:05 3147550                    /lib/x86_64-linux-gnu/ld-2.17.so
7f9d00d53000-7f9d00d74000 rw-p 00000000 00:00 0 
7f9d00d74000-7f9d00e2a000 rw-p 00000000 00:00 0 
7f9d00e2a000-7f9d00e2d000 ---p 00000000 00:00 0 
7f9d00e2d000-7f9d00f31000 rw-p 00000000 00:00 0                          [stack:6925]
7f9d00f31000-7f9d00f32000 r--s 00004000 08:05 5768845                    /home/jano/NetBeansProjects/MobilSignCommunicator/dist/SignSenderListener.jar
7f9d00f32000-7f9d00f34000 r--s 00007000 08:05 5637827                    /home/jano/NetBeansProjects/MobilSignClient/lib/javase.jar
7f9d00f34000-7f9d00f38000 r--s 0003b000 08:05 9702191                    /usr/lib/jvm/java-7-openjdk-amd64/jre/lib/ext/sunpkcs11.jar
7f9d00f38000-7f9d00f3a000 r--s 00012000 08:05 9702195                    /usr/lib/jvm/java-7-openjdk-amd64/jre/lib/ext/zipfs.jar
7f9d00f3a000-7f9d00f3c000 r--s 00006000 08:05 6430197                    /usr/share/java/java-atk-wrapper.jar
7f9d00f3c000-7f9d00f3e000 r--s 0000f000 08:05 9702199                    /usr/lib/jvm/java-7-openjdk-amd64/jre/lib/ext/pulse-java.jar
7f9d00f3e000-7f9d00f3f000 r--s 00002000 08:05 9702197                    /usr/lib/jvm/java-7-openjdk-amd64/jre/lib/ext/dnsns.jar
7f9d00f3f000-7f9d00f42000 r--s 00032000 08:05 9702193                    /usr/lib/jvm/java-7-openjdk-amd64/jre/lib/ext/sunjce_provider.jar
7f9d00f42000-7f9d00f46000 r--s 00085000 08:05 9702201                    /usr/lib/jvm/java-7-openjdk-amd64/jre/lib/ext/localedata.jar
7f9d00f46000-7f9d00f4e000 rw-s 00000000 08:05 9964830                    /tmp/hsperfdata_jano/6921
7f9d00f4e000-7f9d00f4f000 rw-p 00000000 00:00 0 
7f9d00f4f000-7f9d00f50000 r--p 00000000 00:00 0 
7f9d00f50000-7f9d00f52000 rw-p 00000000 00:00 0 
7f9d00f52000-7f9d00f53000 r--p 00022000 08:05 3147550                    /lib/x86_64-linux-gnu/ld-2.17.so
7f9d00f53000-7f9d00f55000 rw-p 00023000 08:05 3147550                    /lib/x86_64-linux-gnu/ld-2.17.so
7fff2ed10000-7fff2ed31000 rw-p 00000000 00:00 0                          [stack]
7fff2edfe000-7fff2ee00000 r-xp 00000000 00:00 0                          [vdso]
ffffffffff600000-ffffffffff601000 r-xp 00000000 00:00 0                  [vsyscall]

VM Arguments:
jvm_args: -Dfile.encoding=UTF-8 
java_command: mobilsignclient.Test
Launcher Type: SUN_STANDARD

Environment Variables:
PATH=/usr/lib/lightdm/lightdm:/usr/local/sbin:/usr/local/bin:/usr/sbin:/usr/bin:/sbin:/bin:/usr/games:/usr/local/games
LD_LIBRARY_PATH=/usr/lib/jvm/java-7-openjdk-amd64/jre/lib/amd64:/usr/lib/jvm/java-7-openjdk-amd64/jre/lib/i386:
SHELL=/bin/bash
DISPLAY=:0

Signal Handlers:
SIGSEGV: [libjvm.so+0x8f8310], sa_mask[0]=0x7ffbfeff, sa_flags=0x10000004
SIGBUS: [libjvm.so+0x8f8310], sa_mask[0]=0x7ffbfeff, sa_flags=0x10000004
SIGFPE: [libjvm.so+0x781ce0], sa_mask[0]=0x7ffbfeff, sa_flags=0x10000004
SIGPIPE: [libjvm.so+0x781ce0], sa_mask[0]=0x7ffbfeff, sa_flags=0x10000004
SIGXFSZ: [libjvm.so+0x781ce0], sa_mask[0]=0x7ffbfeff, sa_flags=0x10000004
SIGILL: [libjvm.so+0x781ce0], sa_mask[0]=0x7ffbfeff, sa_flags=0x10000004
SIGUSR1: SIG_DFL, sa_mask[0]=0x00000000, sa_flags=0x00000000
SIGUSR2: [libjvm.so+0x781fd0], sa_mask[0]=0x00000004, sa_flags=0x10000004
SIGHUP: [libjvm.so+0x782140], sa_mask[0]=0x7ffbfeff, sa_flags=0x10000004
SIGINT: SIG_IGN, sa_mask[0]=0x00000000, sa_flags=0x00000000
SIGTERM: [libjvm.so+0x782140], sa_mask[0]=0x7ffbfeff, sa_flags=0x10000004
SIGQUIT: [libjvm.so+0x782140], sa_mask[0]=0x7ffbfeff, sa_flags=0x10000004


---------------  S Y S T E M  ---------------

OS:Ubuntu 13.04 (raring)
uname:Linux 3.8.0-35-generic #50-Ubuntu SMP Tue Dec 3 01:24:59 UTC 2013 x86_64
libc:glibc 2.17 NPTL 2.17 
rlimit: STACK 8192k, CORE 0k, NPROC 30767, NOFILE 4096, AS infinity
load average:2,67 1,89 1,66

/proc/meminfo:
MemTotal:        3957352 kB
MemFree:          119836 kB
Buffers:           77672 kB
Cached:          1712280 kB
SwapCached:            0 kB
Active:          2141556 kB
Inactive:        1468580 kB
Active(anon):    1597332 kB
Inactive(anon):   755472 kB
Active(file):     544224 kB
Inactive(file):   713108 kB
Unevictable:          60 kB
Mlocked:              60 kB
SwapTotal:       4102140 kB
SwapFree:        4102140 kB
Dirty:              1832 kB
Writeback:             0 kB
AnonPages:       1820100 kB
Mapped:           308052 kB
Shmem:            532620 kB
Slab:             118992 kB
SReclaimable:      83076 kB
SUnreclaim:        35916 kB
KernelStack:        4992 kB
PageTables:        45264 kB
NFS_Unstable:          0 kB
Bounce:                0 kB
WritebackTmp:          0 kB
CommitLimit:     6080816 kB
Committed_AS:    6166364 kB
VmallocTotal:   34359738367 kB
VmallocUsed:      400748 kB
VmallocChunk:   34359333884 kB
HardwareCorrupted:     0 kB
AnonHugePages:         0 kB
HugePages_Total:       0
HugePages_Free:        0
HugePages_Rsvd:        0
HugePages_Surp:        0
Hugepagesize:       2048 kB
DirectMap4k:       71668 kB
DirectMap2M:     4038656 kB


CPU:total 4 (2 cores per cpu, 2 threads per core) family 6 model 42 stepping 7, cmov, cx8, fxsr, mmx, sse, sse2, sse3, ssse3, sse4.1, sse4.2, popcnt, avx, ht, tsc, tscinvbit

/proc/cpuinfo:
processor	: 0
vendor_id	: GenuineIntel
cpu family	: 6
model		: 42
model name	: Intel(R) Core(TM) i3-2310M CPU @ 2.10GHz
stepping	: 7
microcode	: 0x14
cpu MHz		: 2100.000
cache size	: 3072 KB
physical id	: 0
siblings	: 4
core id		: 0
cpu cores	: 2
apicid		: 0
initial apicid	: 0
fpu		: yes
fpu_exception	: yes
cpuid level	: 13
wp		: yes
flags		: fpu vme de pse tsc msr pae mce cx8 apic sep mtrr pge mca cmov pat pse36 clflush dts acpi mmx fxsr sse sse2 ss ht tm pbe syscall nx rdtscp lm constant_tsc arch_perfmon pebs bts rep_good nopl xtopology nonstop_tsc aperfmperf eagerfpu pni pclmulqdq dtes64 monitor ds_cpl vmx est tm2 ssse3 cx16 xtpr pdcm pcid sse4_1 sse4_2 x2apic popcnt tsc_deadline_timer xsave avx lahf_lm arat epb xsaveopt pln pts dtherm tpr_shadow vnmi flexpriority ept vpid
bogomips	: 4190.71
clflush size	: 64
cache_alignment	: 64
address sizes	: 36 bits physical, 48 bits virtual
power management:

processor	: 1
vendor_id	: GenuineIntel
cpu family	: 6
model		: 42
model name	: Intel(R) Core(TM) i3-2310M CPU @ 2.10GHz
stepping	: 7
microcode	: 0x14
cpu MHz		: 1200.000
cache size	: 3072 KB
physical id	: 0
siblings	: 4
core id		: 1
cpu cores	: 2
apicid		: 2
initial apicid	: 2
fpu		: yes
fpu_exception	: yes
cpuid level	: 13
wp		: yes
flags		: fpu vme de pse tsc msr pae mce cx8 apic sep mtrr pge mca cmov pat pse36 clflush dts acpi mmx fxsr sse sse2 ss ht tm pbe syscall nx rdtscp lm constant_tsc arch_perfmon pebs bts rep_good nopl xtopology nonstop_tsc aperfmperf eagerfpu pni pclmulqdq dtes64 monitor ds_cpl vmx est tm2 ssse3 cx16 xtpr pdcm pcid sse4_1 sse4_2 x2apic popcnt tsc_deadline_timer xsave avx lahf_lm arat epb xsaveopt pln pts dtherm tpr_shadow vnmi flexpriority ept vpid
bogomips	: 4190.71
clflush size	: 64
cache_alignment	: 64
address sizes	: 36 bits physical, 48 bits virtual
power management:

processor	: 2
vendor_id	: GenuineIntel
cpu family	: 6
model		: 42
model name	: Intel(R) Core(TM) i3-2310M CPU @ 2.10GHz
stepping	: 7
microcode	: 0x14
cpu MHz		: 800.000
cache size	: 3072 KB
physical id	: 0
siblings	: 4
core id		: 0
cpu cores	: 2
apicid		: 1
initial apicid	: 1
fpu		: yes
fpu_exception	: yes
cpuid level	: 13
wp		: yes
flags		: fpu vme de pse tsc msr pae mce cx8 apic sep mtrr pge mca cmov pat pse36 clflush dts acpi mmx fxsr sse sse2 ss ht tm pbe syscall nx rdtscp lm constant_tsc arch_perfmon pebs bts rep_good nopl xtopology nonstop_tsc aperfmperf eagerfpu pni pclmulqdq dtes64 monitor ds_cpl vmx est tm2 ssse3 cx16 xtpr pdcm pcid sse4_1 sse4_2 x2apic popcnt tsc_deadline_timer xsave avx lahf_lm arat epb xsaveopt pln pts dtherm tpr_shadow vnmi flexpriority ept vpid
bogomips	: 4190.71
clflush size	: 64
cache_alignment	: 64
address sizes	: 36 bits physical, 48 bits virtual
power management:

processor	: 3
vendor_id	: GenuineIntel
cpu family	: 6
model		: 42
model name	: Intel(R) Core(TM) i3-2310M CPU @ 2.10GHz
stepping	: 7
microcode	: 0x14
cpu MHz		: 2100.000
cache size	: 3072 KB
physical id	: 0
siblings	: 4
core id		: 1
cpu cores	: 2
apicid		: 3
initial apicid	: 3
fpu		: yes
fpu_exception	: yes
cpuid level	: 13
wp		: yes
flags		: fpu vme de pse tsc msr pae mce cx8 apic sep mtrr pge mca cmov pat pse36 clflush dts acpi mmx fxsr sse sse2 ss ht tm pbe syscall nx rdtscp lm constant_tsc arch_perfmon pebs bts rep_good nopl xtopology nonstop_tsc aperfmperf eagerfpu pni pclmulqdq dtes64 monitor ds_cpl vmx est tm2 ssse3 cx16 xtpr pdcm pcid sse4_1 sse4_2 x2apic popcnt tsc_deadline_timer xsave avx lahf_lm arat epb xsaveopt pln pts dtherm tpr_shadow vnmi flexpriority ept vpid
bogomips	: 4190.71
clflush size	: 64
cache_alignment	: 64
address sizes	: 36 bits physical, 48 bits virtual
power management:



Memory: 4k page, physical 3957352k(119836k free), swap 4102140k(4102140k free)

vm_info: OpenJDK 64-Bit Server VM (24.45-b08) for linux-amd64 JRE (1.7.0_51-b00), built on Jan 16 2014 18:17:06 by "buildd" with gcc 4.7.3

time: Sat Oct 18 13:34:12 2014
elapsed time: 3 seconds

